<?xml version="1.0" encoding="UTF-8"?>
<testng-results ignored="0" total="3" passed="3" failed="0" skipped="0">
  <reporter-output>
  </reporter-output>
  <suite started-at="2024-08-20T23:13:50 PDT" name="Surefire suite" finished-at="2024-08-20T23:14:33 PDT" duration-ms="43293">
    <groups>
    </groups>
    <test started-at="2024-08-20T23:13:50 PDT" name="Surefire test" finished-at="2024-08-20T23:14:33 PDT" duration-ms="43293">
      <class name="com.mvntest.TestDemo">
        <test-method signature="ChromeBrowserLaunch()[pri:1, instance:com.mvntest.TestDemo@5f9b2141]" started-at="2024-08-20T23:13:50 PDT" name="ChromeBrowserLaunch" finished-at="2024-08-20T23:14:02 PDT" duration-ms="12381" status="PASS">
          <reporter-output>
          </reporter-output>
        </test-method> <!-- ChromeBrowserLaunch -->
        <test-method signature="FirefoxBrowserLaunch()[pri:2, instance:com.mvntest.TestDemo@5f9b2141]" started-at="2024-08-20T23:14:02 PDT" name="FirefoxBrowserLaunch" finished-at="2024-08-20T23:14:22 PDT" duration-ms="19561" status="PASS">
          <reporter-output>
          </reporter-output>
        </test-method> <!-- FirefoxBrowserLaunch -->
        <test-method signature="EdgeBrowserLaunch()[pri:3, instance:com.mvntest.TestDemo@5f9b2141]" started-at="2024-08-20T23:14:22 PDT" name="EdgeBrowserLaunch" finished-at="2024-08-20T23:14:33 PDT" duration-ms="11246" status="PASS">
          <reporter-output>
          </reporter-output>
        </test-method> <!-- EdgeBrowserLaunch -->
      </class> <!-- com.mvntest.TestDemo -->
    </test> <!-- Surefire test -->
  </suite> <!-- Surefire suite -->
</testng-results>
