<?xml version="1.0" encoding="UTF-8"?>
<!-- Generated by org.testng.reporters.JUnitXMLReporter -->
<testsuite ignored="0" hostname="win2019" failures="0" tests="3" name="Default test" time="39.7" errors="0" timestamp="2024-08-20T01:31:59 PDT">
  <testcase classname="com.browse.Chrome" name="ChromeBrowserLaunch" time="11.657"/>
  <testcase classname="com.browse.Chrome" name="FirefoxBrowserLaunch" time="16.152"/>
  <testcase classname="com.browse.Chrome" name="EdgeBrowserLaunch" time="11.773"/>
</testsuite> <!-- Default test -->
