<?xml version="1.0" encoding="UTF-8"?>
<testng-results ignored="0" total="1" passed="1" failed="0" skipped="0">
  <reporter-output>
  </reporter-output>
  <suite started-at="2024-08-24T21:38:52 PDT" name="Default suite" finished-at="2024-08-24T21:39:32 PDT" duration-ms="39800">
    <groups>
    </groups>
    <test started-at="2024-08-24T21:38:52 PDT" name="Default test" finished-at="2024-08-24T21:39:32 PDT" duration-ms="39800">
      <class name="com.loc.PartialLinkText">
        <test-method is-config="true" signature="PlTextSetup()[pri:0, instance:com.loc.PartialLinkText@41a0aa7d]" started-at="2024-08-24T21:38:52 PDT" name="PlTextSetup" finished-at="2024-08-24T21:38:55 PDT" duration-ms="2939" status="PASS">
          <reporter-output>
          </reporter-output>
        </test-method> <!-- PlTextSetup -->
        <test-method signature="PlText()[pri:0, instance:com.loc.PartialLinkText@41a0aa7d]" started-at="2024-08-24T21:38:55 PDT" name="PlText" finished-at="2024-08-24T21:39:32 PDT" duration-ms="36790" status="PASS">
          <reporter-output>
          </reporter-output>
        </test-method> <!-- PlText -->
      </class> <!-- com.loc.PartialLinkText -->
    </test> <!-- Default test -->
  </suite> <!-- Default suite -->
</testng-results>
