<?xml version="1.0" encoding="UTF-8"?>
<testng-results ignored="0" total="1" passed="1" failed="0" skipped="0">
  <reporter-output>
  </reporter-output>
  <suite started-at="2024-08-23T03:21:51 PDT" name="Default suite" finished-at="2024-08-23T03:22:09 PDT" duration-ms="18008">
    <groups>
    </groups>
    <test started-at="2024-08-23T03:21:51 PDT" name="Default test" finished-at="2024-08-23T03:22:09 PDT" duration-ms="18008">
      <class name="HandlingScroll.TestScrollBy1">
        <test-method signature="Test()[pri:0, instance:HandlingScroll.TestScrollBy1@43195e57]" started-at="2024-08-23T03:21:52 PDT" name="Test" finished-at="2024-08-23T03:22:09 PDT" duration-ms="17913" status="PASS">
          <reporter-output>
          </reporter-output>
        </test-method> <!-- Test -->
      </class> <!-- HandlingScroll.TestScrollBy1 -->
    </test> <!-- Default test -->
  </suite> <!-- Default suite -->
</testng-results>
