<?xml version="1.0" encoding="UTF-8"?>
<!-- Generated by org.testng.reporters.JUnitXMLReporter -->
<testsuite ignored="0" hostname="win2019" failures="0" tests="3" name="Surefire test" time="43.293" errors="0" timestamp="2024-08-20T23:14:33 PDT">
  <testcase classname="com.mvntest.TestDemo" name="ChromeBrowserLaunch" time="12.381"/>
  <testcase classname="com.mvntest.TestDemo" name="FirefoxBrowserLaunch" time="19.561"/>
  <testcase classname="com.mvntest.TestDemo" name="EdgeBrowserLaunch" time="11.246"/>
</testsuite> <!-- Surefire test -->
