<?xml version="1.0" encoding="UTF-8"?>
<testng-results ignored="0" total="3" passed="3" failed="0" skipped="0">
  <reporter-output>
  </reporter-output>
  <suite started-at="2024-08-20T22:38:15 PDT" name="Default suite" finished-at="2024-08-20T22:38:57 PDT" duration-ms="41512">
    <groups>
    </groups>
    <test started-at="2024-08-20T22:38:15 PDT" name="Default test" finished-at="2024-08-20T22:38:57 PDT" duration-ms="41512">
      <class name="com.mvntest.TestDemo">
        <test-method signature="ChromeBrowserLaunch()[pri:1, instance:com.mvntest.TestDemo@6e9175d8]" started-at="2024-08-20T22:38:15 PDT" name="ChromeBrowserLaunch" finished-at="2024-08-20T22:38:27 PDT" duration-ms="12125" status="PASS">
          <reporter-output>
          </reporter-output>
        </test-method> <!-- ChromeBrowserLaunch -->
        <test-method signature="FirefoxBrowserLaunch()[pri:2, instance:com.mvntest.TestDemo@6e9175d8]" started-at="2024-08-20T22:38:27 PDT" name="FirefoxBrowserLaunch" finished-at="2024-08-20T22:38:44 PDT" duration-ms="16764" status="PASS">
          <reporter-output>
          </reporter-output>
        </test-method> <!-- FirefoxBrowserLaunch -->
        <test-method signature="EdgeBrowserLaunch()[pri:3, instance:com.mvntest.TestDemo@6e9175d8]" started-at="2024-08-20T22:38:44 PDT" name="EdgeBrowserLaunch" finished-at="2024-08-20T22:38:57 PDT" duration-ms="12438" status="PASS">
          <reporter-output>
          </reporter-output>
        </test-method> <!-- EdgeBrowserLaunch -->
      </class> <!-- com.mvntest.TestDemo -->
    </test> <!-- Default test -->
  </suite> <!-- Default suite -->
</testng-results>
