<?xml version="1.0" encoding="UTF-8"?>
<testng-results ignored="0" total="3" passed="3" failed="0" skipped="0">
  <reporter-output>
  </reporter-output>
  <suite started-at="2024-08-20T01:31:20 PDT" name="Default suite" finished-at="2024-08-20T01:31:59 PDT" duration-ms="39700">
    <groups>
    </groups>
    <test started-at="2024-08-20T01:31:20 PDT" name="Default test" finished-at="2024-08-20T01:31:59 PDT" duration-ms="39700">
      <class name="com.browse.Chrome">
        <test-method signature="ChromeBrowserLaunch()[pri:1, instance:com.browse.Chrome@47d9a273]" started-at="2024-08-20T01:31:20 PDT" name="ChromeBrowserLaunch" finished-at="2024-08-20T01:31:31 PDT" duration-ms="11657" status="PASS">
          <reporter-output>
          </reporter-output>
        </test-method> <!-- ChromeBrowserLaunch -->
        <test-method signature="FirefoxBrowserLaunch()[pri:2, instance:com.browse.Chrome@47d9a273]" started-at="2024-08-20T01:31:31 PDT" name="FirefoxBrowserLaunch" finished-at="2024-08-20T01:31:47 PDT" duration-ms="16152" status="PASS">
          <reporter-output>
          </reporter-output>
        </test-method> <!-- FirefoxBrowserLaunch -->
        <test-method signature="EdgeBrowserLaunch()[pri:3, instance:com.browse.Chrome@47d9a273]" started-at="2024-08-20T01:31:47 PDT" name="EdgeBrowserLaunch" finished-at="2024-08-20T01:31:59 PDT" duration-ms="11773" status="PASS">
          <reporter-output>
          </reporter-output>
        </test-method> <!-- EdgeBrowserLaunch -->
      </class> <!-- com.browse.Chrome -->
    </test> <!-- Default test -->
  </suite> <!-- Default suite -->
</testng-results>
