<?xml version="1.0" encoding="UTF-8"?>
<testng-results ignored="0" total="1" passed="1" failed="0" skipped="0">
  <reporter-output>
  </reporter-output>
  <suite started-at="2024-08-21T23:43:53 PDT" name="Default suite" finished-at="2024-08-21T23:44:14 PDT" duration-ms="20490">
    <groups>
    </groups>
    <test started-at="2024-08-21T23:43:53 PDT" name="Default test" finished-at="2024-08-21T23:44:14 PDT" duration-ms="20490">
      <class name="com.drop.DropDown">
        <test-method signature="ddcheck()[pri:0, instance:com.drop.DropDown@659499f1]" started-at="2024-08-21T23:43:53 PDT" name="ddcheck" finished-at="2024-08-21T23:44:14 PDT" duration-ms="20349" status="PASS">
          <reporter-output>
          </reporter-output>
        </test-method> <!-- ddcheck -->
      </class> <!-- com.drop.DropDown -->
    </test> <!-- Default test -->
  </suite> <!-- Default suite -->
</testng-results>
