<?xml version="1.0" encoding="UTF-8"?>
<testng-results ignored="0" total="1" passed="1" failed="0" skipped="0">
  <reporter-output>
  </reporter-output>
  <suite started-at="2024-08-23T03:29:08 PDT" name="Default suite" finished-at="2024-08-23T03:29:24 PDT" duration-ms="16065">
    <groups>
    </groups>
    <test started-at="2024-08-23T03:29:08 PDT" name="Default test" finished-at="2024-08-23T03:29:24 PDT" duration-ms="16065">
      <class name="com.mouse.Hover">
        <test-method signature="hoverCheck()[pri:0, instance:com.mouse.Hover@43195e57]" started-at="2024-08-23T03:29:08 PDT" name="hoverCheck" finished-at="2024-08-23T03:29:24 PDT" duration-ms="15967" status="PASS">
          <reporter-output>
          </reporter-output>
        </test-method> <!-- hoverCheck -->
      </class> <!-- com.mouse.Hover -->
    </test> <!-- Default test -->
  </suite> <!-- Default suite -->
</testng-results>
