<?xml version="1.0" encoding="UTF-8"?>
<testng-results ignored="0" total="1" passed="1" failed="0" skipped="0">
  <reporter-output>
  </reporter-output>
  <suite started-at="2024-08-23T01:25:53 PDT" name="Default suite" finished-at="2024-08-23T01:26:18 PDT" duration-ms="24759">
    <groups>
    </groups>
    <test started-at="2024-08-23T01:25:53 PDT" name="Default test" finished-at="2024-08-23T01:26:18 PDT" duration-ms="24759">
      <class name="com.multi.MultiFrameTest">
        <test-method signature="countframes()[pri:0, instance:com.multi.MultiFrameTest@54a7079e]" started-at="2024-08-23T01:25:53 PDT" name="countframes" finished-at="2024-08-23T01:26:18 PDT" duration-ms="24697" status="PASS">
          <reporter-output>
          </reporter-output>
        </test-method> <!-- countframes -->
      </class> <!-- com.multi.MultiFrameTest -->
    </test> <!-- Default test -->
  </suite> <!-- Default suite -->
</testng-results>
