<?xml version="1.0" encoding="UTF-8"?>
<testng-results ignored="0" total="1" passed="1" failed="0" skipped="0">
  <reporter-output>
  </reporter-output>
  <suite started-at="2024-08-22T22:28:42 PDT" name="Default suite" finished-at="2024-08-22T22:29:44 PDT" duration-ms="62242">
    <groups>
    </groups>
    <test started-at="2024-08-22T22:28:42 PDT" name="Default test" finished-at="2024-08-22T22:29:44 PDT" duration-ms="62242">
      <class name="com.csv.ReadCSV">
        <test-method is-config="true" signature="setup()[pri:0, instance:com.csv.ReadCSV@13e344d]" started-at="2024-08-22T22:28:42 PDT" name="setup" finished-at="2024-08-22T22:28:50 PDT" duration-ms="8376" status="PASS">
          <reporter-output>
          </reporter-output>
        </test-method> <!-- setup -->
        <test-method signature="rdcsv()[pri:0, instance:com.csv.ReadCSV@13e344d]" started-at="2024-08-22T22:28:50 PDT" name="rdcsv" finished-at="2024-08-22T22:29:44 PDT" duration-ms="53316" status="PASS">
          <reporter-output>
          </reporter-output>
        </test-method> <!-- rdcsv -->
        <test-method is-config="true" signature="afterRunning()[pri:0, instance:com.csv.ReadCSV@13e344d]" started-at="2024-08-22T22:29:44 PDT" name="afterRunning" finished-at="2024-08-22T22:29:44 PDT" duration-ms="439" status="PASS">
          <reporter-output>
          </reporter-output>
        </test-method> <!-- afterRunning -->
      </class> <!-- com.csv.ReadCSV -->
    </test> <!-- Default test -->
  </suite> <!-- Default suite -->
</testng-results>
